{"C:\\Users\\rodri\\Documents\\dev\\arquitetura\\rodrigo_manguinho\\course_clean_architecture_rodrigomanguinho\\src\\pretest.ts": {"path":"C:\\Users\\rodri\\Documents\\dev\\arquitetura\\rodrigo_manguinho\\course_clean_architecture_rodrigomanguinho\\src\\pretest.ts","all":true,"statementMap":{"0":{"start":{"line":1,"column":0},"end":{"line":1,"column":21}},"1":{"start":{"line":2,"column":0},"end":{"line":2,"column":14}},"2":{"start":{"line":3,"column":0},"end":{"line":3,"column":1}},"3":{"start":{"line":4,"column":0},"end":{"line":4,"column":10}}},"s":{"0":0,"1":0,"2":0,"3":0},"branchMap":{"0":{"type":"branch","line":1,"loc":{"start":{"line":1,"column":0},"end":{"line":4,"column":10}},"locations":[{"start":{"line":1,"column":0},"end":{"line":4,"column":10}}]}},"b":{"0":[0]},"fnMap":{"0":{"name":"(empty-report)","decl":{"start":{"line":1,"column":0},"end":{"line":4,"column":10}},"loc":{"start":{"line":1,"column":0},"end":{"line":4,"column":10}},"line":1}},"f":{"0":0}}
}
